To honour the JVM settings for this build a single-use Daemon process will be forked. For more on this, please refer to https://docs.gradle.org/8.2/userguide/gradle_daemon.html#sec:disabling_the_daemon in the Gradle documentation.
Daemon will be stopped at the end of the build 
> Task :app:clean
> Task :app:preBuild UP-TO-DATE
> Task :app:preDebugBuild UP-TO-DATE
> Task :app:mergeDebugNativeDebugMetadata NO-SOURCE
> Task :app:generateDebugResValues
> Task :app:dataBindingMergeDependencyArtifactsDebug
> Task :app:generateDebugResources
> Task :app:packageDebugResources
> Task :app:mapDebugSourceSetPaths
> Task :app:checkDebugAarMetadata
> Task :app:createDebugCompatibleScreenManifests
> Task :app:parseDebugLocalResources
> Task :app:extractDeepLinksDebug
> Task :app:processDebugMainManifest
> Task :app:mergeDebugResources
> Task :app:processDebugManifest
> Task :app:dataBindingGenBaseClassesDebug
> Task :app:javaPreCompileDebug
> Task :app:mergeDebugShaders
> Task :app:compileDebugShaders NO-SOURCE
> Task :app:generateDebugAssets UP-TO-DATE
> Task :app:mergeDebugAssets
> Task :app:compressDebugAssets
> Task :app:checkDebugDuplicateClasses
> Task :app:desugarDebugFileDependencies
> Task :app:mergeDebugJniLibFolders
> Task :app:processDebugManifestForPackage
> Task :app:mergeLibDexDebug
> Task :app:mergeDebugNativeLibs NO-SOURCE
> Task :app:stripDebugDebugSymbols NO-SOURCE
> Task :app:validateSigningDebug
> Task :app:writeDebugAppMetadata
> Task :app:writeDebugSigningConfigVersions
> Task :app:processDebugResources
> Task :app:mergeExtDexDebug

> Task :app:compileDebugKotlin
w: file:///www/wwwroot/keyword-monitor/android/app/src/main/java/com/monitor/keyword/KeywordMonitorService.kt:70:23 Unnecessary safe call on a non-null receiver of type (Mutable)List<CharSequence!>
w: file:///www/wwwroot/keyword-monitor/android/app/src/main/java/com/monitor/keyword/KeywordMonitorService.kt:80:22 'recycle(): Unit' is deprecated. Deprecated in Java
w: file:///www/wwwroot/keyword-monitor/android/app/src/main/java/com/monitor/keyword/KeywordMonitorService.kt:109:27 'recycle(): Unit' is deprecated. Deprecated in Java

> Task :app:compileDebugJavaWithJavac
> Task :app:processDebugJavaRes
> Task :app:mergeDebugJavaResource
> Task :app:dexBuilderDebug
> Task :app:mergeProjectDexDebug
> Task :app:packageDebug
> Task :app:createDebugApkListingFileRedirect
> Task :app:assembleDebug

BUILD SUCCESSFUL in 48s
35 actionable tasks: 35 executed
